Serving: /gyoushi_reader/dict/base.dat.gz
Serving: /gyoushi_reader/dict/base.dat.gz
Serving: /gyoushi_reader/dict/check.dat.gz
Serving: /gyoushi_reader/dict/check.dat.gz
Serving: /gyoushi_reader/dict/tid.dat.gz
Serving: /gyoushi_reader/dict/tid.dat.gz
Serving: /gyoushi_reader/dict/tid_pos.dat.gz
Serving: /gyoushi_reader/dict/tid_pos.dat.gz
Serving: /gyoushi_reader/dict/tid_map.dat.gz
Serving: /gyoushi_reader/dict/tid_map.dat.gz
Serving: /gyoushi_reader/dict/cc.dat.gz
Serving: /gyoushi_reader/dict/cc.dat.gz
Serving: /gyoushi_reader/dict/unk.dat.gz
Serving: /gyoushi_reader/dict/unk.dat.gz
Serving: /gyoushi_reader/dict/unk_pos.dat.gz
Serving: /gyoushi_reader/dict/unk_pos.dat.gz
Serving: /gyoushi_reader/dict/unk_map.dat.gz
Serving: /gyoushi_reader/dict/unk_char.dat.gz
Serving: /gyoushi_reader/dict/unk_map.dat.gz
Serving: /gyoushi_reader/dict/unk_compat.dat.gz
Serving: /gyoushi_reader/dict/unk_char.dat.gz
Serving: /gyoushi_reader/dict/unk_invoke.dat.gz
Serving: /gyoushi_reader/dict/unk_compat.dat.gz
Serving: /gyoushi_reader/dict/base.dat.gz
Serving: /gyoushi_reader/dict/check.dat.gz
Serving: /gyoushi_reader/dict/tid.dat.gz
Serving: /gyoushi_reader/dict/tid_pos.dat.gz
Serving: /gyoushi_reader/dict/tid_map.dat.gz
Serving: /gyoushi_reader/dict/cc.dat.gz
Serving: /gyoushi_reader/dict/unk.dat.gz
Serving: /gyoushi_reader/dict/unk_pos.dat.gz
Serving: /gyoushi_reader/dict/unk_map.dat.gz
Serving: /gyoushi_reader/dict/unk_char.dat.gz
Serving: /gyoushi_reader/dict/unk_compat.dat.gz
Serving: /gyoushi_reader/dict/unk_invoke.dat.gz
Serving: /gyoushi_reader/dict/unk_invoke.dat.gz
Serving: /gyoushi_reader/dict/base.dat.gz
Serving: /gyoushi_reader/dict/check.dat.gz
Serving: /gyoushi_reader/dict/tid.dat.gz
Serving: /gyoushi_reader/dict/tid_pos.dat.gz
Serving: /gyoushi_reader/dict/tid_map.dat.gz
Serving: /gyoushi_reader/dict/cc.dat.gz
Serving: /gyoushi_reader/dict/unk.dat.gz
Serving: /gyoushi_reader/dict/unk_pos.dat.gz
Serving: /gyoushi_reader/dict/unk_map.dat.gz
Serving: /gyoushi_reader/dict/unk_char.dat.gz
Serving: /gyoushi_reader/dict/unk_compat.dat.gz
Serving: /gyoushi_reader/dict/unk_invoke.dat.gz
Serving: /gyoushi_reader/dict/base.dat.gz
Serving: /gyoushi_reader/dict/base.dat.gz
Serving: /gyoushi_reader/dict/check.dat.gz
Serving: /gyoushi_reader/dict/check.dat.gz
Serving: /gyoushi_reader/dict/tid.dat.gz
Serving: /gyoushi_reader/dict/tid.dat.gz
Serving: /gyoushi_reader/dict/tid_pos.dat.gz
Serving: /gyoushi_reader/dict/tid_pos.dat.gz
Serving: /gyoushi_reader/dict/tid_map.dat.gz
Serving: /gyoushi_reader/dict/cc.dat.gz
Serving: /gyoushi_reader/dict/tid_map.dat.gz
Serving: /gyoushi_reader/dict/unk.dat.gz
Serving: /gyoushi_reader/dict/cc.dat.gz
Serving: /gyoushi_reader/dict/unk_pos.dat.gz
Serving: /gyoushi_reader/dict/unk.dat.gz
Serving: /gyoushi_reader/dict/unk_map.dat.gz
Serving: /gyoushi_reader/dict/unk_pos.dat.gz
Serving: /gyoushi_reader/dict/unk_char.dat.gz
Serving: /gyoushi_reader/dict/unk_compat.dat.gz
Serving: /gyoushi_reader/dict/unk_invoke.dat.gz
Serving: /gyoushi_reader/dict/base.dat.gz
Serving: /gyoushi_reader/dict/check.dat.gz
Serving: /gyoushi_reader/dict/tid.dat.gz
Serving: /gyoushi_reader/dict/tid_pos.dat.gz
Serving: /gyoushi_reader/dict/tid_map.dat.gz
Serving: /gyoushi_reader/dict/cc.dat.gz
Serving: /gyoushi_reader/dict/unk.dat.gz
Serving: /gyoushi_reader/dict/unk_pos.dat.gz
Serving: /gyoushi_reader/dict/unk_map.dat.gz
Serving: /gyoushi_reader/dict/unk_char.dat.gz
Serving: /gyoushi_reader/dict/unk_compat.dat.gz
Serving: /gyoushi_reader/dict/unk_invoke.dat.gz
Serving: /gyoushi_reader/dict/unk_map.dat.gz
Serving: /gyoushi_reader/dict/unk_char.dat.gz
Serving: /gyoushi_reader/dict/unk_compat.dat.gz
Serving: /gyoushi_reader/dict/unk_invoke.dat.gz
Serving: /gyoushi_reader/dict/base.dat.gz
Serving: /gyoushi_reader/dict/tid_pos.dat.gz
Serving: /gyoushi_reader/dict/check.dat.gz
Serving: /gyoushi_reader/dict/tid.dat.gz
Serving: /gyoushi_reader/dict/tid_map.dat.gz
Serving: /gyoushi_reader/dict/cc.dat.gz
Serving: /gyoushi_reader/dict/unk.dat.gz
Serving: /gyoushi_reader/dict/unk_pos.dat.gz
Serving: /gyoushi_reader/dict/unk_map.dat.gz
Serving: /gyoushi_reader/dict/unk_char.dat.gz
Serving: /gyoushi_reader/dict/unk_compat.dat.gz
Serving: /gyoushi_reader/dict/unk_invoke.dat.gz
Serving: /gyoushi_reader/dict/base.dat.gz
Serving: /gyoushi_reader/dict/check.dat.gz
Serving: /gyoushi_reader/dict/tid.dat.gz
Serving: /gyoushi_reader/dict/tid_pos.dat.gz
Serving: /gyoushi_reader/dict/tid_map.dat.gz
Serving: /gyoushi_reader/dict/cc.dat.gz
Serving: /gyoushi_reader/dict/unk.dat.gz
Serving: /gyoushi_reader/dict/unk_pos.dat.gz
Serving: /gyoushi_reader/dict/unk_map.dat.gz
Serving: /gyoushi_reader/dict/unk_char.dat.gz
Serving: /gyoushi_reader/dict/unk_compat.dat.gz
Serving: /gyoushi_reader/dict/unk_invoke.dat.gz
Serving: /gyoushi_reader/dict/base.dat.gz
Serving: /gyoushi_reader/dict/check.dat.gz
Serving: /gyoushi_reader/dict/tid.dat.gz
Serving: /gyoushi_reader/dict/tid_pos.dat.gz
Serving: /gyoushi_reader/dict/tid_map.dat.gz
Serving: /gyoushi_reader/dict/cc.dat.gz
Serving: /gyoushi_reader/dict/unk.dat.gz
Serving: /gyoushi_reader/dict/unk_pos.dat.gz
Serving: /gyoushi_reader/dict/unk_map.dat.gz
Serving: /gyoushi_reader/dict/unk_char.dat.gz
Serving: /gyoushi_reader/dict/unk_compat.dat.gz
Serving: /gyoushi_reader/dict/unk_invoke.dat.gz
Serving: /gyoushi_reader/dict/base.dat.gz
Serving: /gyoushi_reader/dict/check.dat.gz
Serving: /gyoushi_reader/dict/tid.dat.gz
Serving: /gyoushi_reader/dict/tid_pos.dat.gz
Serving: /gyoushi_reader/dict/tid_map.dat.gz
Serving: /gyoushi_reader/dict/cc.dat.gz
Serving: /gyoushi_reader/dict/unk.dat.gz
Serving: /gyoushi_reader/dict/unk_pos.dat.gz
Serving: /gyoushi_reader/dict/unk_map.dat.gz
Serving: /gyoushi_reader/dict/unk_char.dat.gz
Serving: /gyoushi_reader/dict/unk_compat.dat.gz
Serving: /gyoushi_reader/dict/unk_invoke.dat.gz
Serving: /gyoushi_reader/dict/base.dat.gz
Serving: /gyoushi_reader/dict/check.dat.gz
Serving: /gyoushi_reader/dict/tid.dat.gz
Serving: /gyoushi_reader/dict/tid_pos.dat.gz
Serving: /gyoushi_reader/dict/tid_map.dat.gz
Serving: /gyoushi_reader/dict/cc.dat.gz
Serving: /gyoushi_reader/dict/unk.dat.gz
Serving: /gyoushi_reader/dict/unk_pos.dat.gz
Serving: /gyoushi_reader/dict/unk_map.dat.gz
Serving: /gyoushi_reader/dict/unk_char.dat.gz
Serving: /gyoushi_reader/dict/unk_compat.dat.gz
Serving: /gyoushi_reader/dict/unk_invoke.dat.gz
Serving: /gyoushi_reader/dict/base.dat.gz
Serving: /gyoushi_reader/dict/check.dat.gz
Serving: /gyoushi_reader/dict/tid.dat.gz
Serving: /gyoushi_reader/dict/tid_pos.dat.gz
Serving: /gyoushi_reader/dict/tid_map.dat.gz
Serving: /gyoushi_reader/dict/cc.dat.gz
Serving: /gyoushi_reader/dict/unk.dat.gz
Serving: /gyoushi_reader/dict/unk_pos.dat.gz
Serving: /gyoushi_reader/dict/unk_map.dat.gz
Serving: /gyoushi_reader/dict/unk_char.dat.gz
Serving: /gyoushi_reader/dict/unk_compat.dat.gz
Serving: /gyoushi_reader/dict/unk_invoke.dat.gz
Serving: /gyoushi_reader/dict/base.dat.gz
Serving: /gyoushi_reader/dict/check.dat.gz
Serving: /gyoushi_reader/dict/tid.dat.gz
Serving: /gyoushi_reader/dict/tid_pos.dat.gz
Serving: /gyoushi_reader/dict/tid_map.dat.gz
Serving: /gyoushi_reader/dict/cc.dat.gz
Serving: /gyoushi_reader/dict/unk.dat.gz
Serving: /gyoushi_reader/dict/unk_pos.dat.gz
Serving: /gyoushi_reader/dict/unk_map.dat.gz
Serving: /gyoushi_reader/dict/unk_char.dat.gz
Serving: /gyoushi_reader/dict/unk_compat.dat.gz
Serving: /gyoushi_reader/dict/unk_invoke.dat.gz
Serving: /gyoushi_reader/dict/base.dat.gz
Serving: /gyoushi_reader/dict/check.dat.gz
Serving: /gyoushi_reader/dict/tid.dat.gz
Serving: /gyoushi_reader/dict/tid_pos.dat.gz
Serving: /gyoushi_reader/dict/tid_map.dat.gz
Serving: /gyoushi_reader/dict/cc.dat.gz
Serving: /gyoushi_reader/dict/unk.dat.gz
Serving: /gyoushi_reader/dict/unk_pos.dat.gz
Serving: /gyoushi_reader/dict/unk_map.dat.gz
Serving: /gyoushi_reader/dict/unk_char.dat.gz
Serving: /gyoushi_reader/dict/unk_compat.dat.gz
Serving: /gyoushi_reader/dict/unk_invoke.dat.gz
Serving: /gyoushi_reader/dict/base.dat.gz
Serving: /gyoushi_reader/dict/check.dat.gz
Serving: /gyoushi_reader/dict/tid.dat.gz
Serving: /gyoushi_reader/dict/tid_pos.dat.gz
Serving: /gyoushi_reader/dict/tid_map.dat.gz
Serving: /gyoushi_reader/dict/cc.dat.gz
Serving: /gyoushi_reader/dict/unk.dat.gz
Serving: /gyoushi_reader/dict/unk_pos.dat.gz
Serving: /gyoushi_reader/dict/unk_map.dat.gz
Serving: /gyoushi_reader/dict/unk_char.dat.gz
Serving: /gyoushi_reader/dict/unk_compat.dat.gz
Serving: /gyoushi_reader/dict/unk_invoke.dat.gz
Serving: /gyoushi_reader/dict/base.dat.gz
Serving: /gyoushi_reader/dict/check.dat.gz
Serving: /gyoushi_reader/dict/tid.dat.gz
Serving: /gyoushi_reader/dict/tid_pos.dat.gz
Serving: /gyoushi_reader/dict/tid_map.dat.gz
Serving: /gyoushi_reader/dict/cc.dat.gz
Serving: /gyoushi_reader/dict/unk.dat.gz
Serving: /gyoushi_reader/dict/unk_pos.dat.gz
Serving: /gyoushi_reader/dict/unk_map.dat.gz
Serving: /gyoushi_reader/dict/unk_char.dat.gz
Serving: /gyoushi_reader/dict/unk_invoke.dat.gz
Serving: /gyoushi_reader/dict/unk_compat.dat.gz
Serving: /gyoushi_reader/dict/base.dat.gz
Serving: /gyoushi_reader/dict/base.dat.gz
Serving: /gyoushi_reader/dict/check.dat.gz
Serving: /gyoushi_reader/dict/check.dat.gz
Serving: /gyoushi_reader/dict/tid.dat.gz
Serving: /gyoushi_reader/dict/tid.dat.gz
Serving: /gyoushi_reader/dict/tid_pos.dat.gz
Serving: /gyoushi_reader/dict/tid_pos.dat.gz
Serving: /gyoushi_reader/dict/tid_map.dat.gz
Serving: /gyoushi_reader/dict/tid_map.dat.gz
Serving: /gyoushi_reader/dict/cc.dat.gz
Serving: /gyoushi_reader/dict/cc.dat.gz
Serving: /gyoushi_reader/dict/unk.dat.gz
Serving: /gyoushi_reader/dict/unk_pos.dat.gz
Serving: /gyoushi_reader/dict/unk.dat.gz
Serving: /gyoushi_reader/dict/unk_map.dat.gz
Serving: /gyoushi_reader/dict/unk_pos.dat.gz
Serving: /gyoushi_reader/dict/unk_char.dat.gz
Serving: /gyoushi_reader/dict/unk_map.dat.gz
Serving: /gyoushi_reader/dict/unk_compat.dat.gz
Serving: /gyoushi_reader/dict/unk_char.dat.gz
Serving: /gyoushi_reader/dict/unk_invoke.dat.gz
Serving: /gyoushi_reader/dict/unk_compat.dat.gz
Serving: /gyoushi_reader/dict/base.dat.gz
Serving: /gyoushi_reader/dict/check.dat.gz
Serving: /gyoushi_reader/dict/tid.dat.gz
Serving: /gyoushi_reader/dict/tid_pos.dat.gz
Serving: /gyoushi_reader/dict/tid_map.dat.gz
Serving: /gyoushi_reader/dict/unk.dat.gz
Serving: /gyoushi_reader/dict/unk_pos.dat.gz
Serving: /gyoushi_reader/dict/unk_map.dat.gz
Serving: /gyoushi_reader/dict/unk_char.dat.gz
Serving: /gyoushi_reader/dict/cc.dat.gz
Serving: /gyoushi_reader/dict/unk_compat.dat.gz
Serving: /gyoushi_reader/dict/unk_invoke.dat.gz
Serving: /gyoushi_reader/dict/unk_invoke.dat.gz
Serving: /gyoushi_reader/dict/base.dat.gz
Serving: /gyoushi_reader/dict/check.dat.gz
Serving: /gyoushi_reader/dict/tid.dat.gz
Serving: /gyoushi_reader/dict/tid_pos.dat.gz
Serving: /gyoushi_reader/dict/tid_map.dat.gz
Serving: /gyoushi_reader/dict/cc.dat.gz
Serving: /gyoushi_reader/dict/unk.dat.gz
Serving: /gyoushi_reader/dict/unk_pos.dat.gz
Serving: /gyoushi_reader/dict/unk_map.dat.gz
Serving: /gyoushi_reader/dict/unk_char.dat.gz
Serving: /gyoushi_reader/dict/unk_compat.dat.gz
Serving: /gyoushi_reader/dict/unk_invoke.dat.gz
Serving: /gyoushi_reader/dict/base.dat.gz
Serving: /gyoushi_reader/dict/check.dat.gz
Serving: /gyoushi_reader/dict/tid.dat.gz
Serving: /gyoushi_reader/dict/tid_pos.dat.gz
Serving: /gyoushi_reader/dict/tid_map.dat.gz
Serving: /gyoushi_reader/dict/cc.dat.gz
Serving: /gyoushi_reader/dict/unk.dat.gz
Serving: /gyoushi_reader/dict/unk_pos.dat.gz
Serving: /gyoushi_reader/dict/unk_map.dat.gz
Serving: /gyoushi_reader/dict/unk_char.dat.gz
Serving: /gyoushi_reader/dict/unk_compat.dat.gz
Serving: /gyoushi_reader/dict/unk_invoke.dat.gz
Serving: /gyoushi_reader/dict/base.dat.gz
Serving: /gyoushi_reader/dict/check.dat.gz
Serving: /gyoushi_reader/dict/tid.dat.gz
Serving: /gyoushi_reader/dict/tid_pos.dat.gz
Serving: /gyoushi_reader/dict/tid_map.dat.gz
Serving: /gyoushi_reader/dict/cc.dat.gz
Serving: /gyoushi_reader/dict/unk.dat.gz
Serving: /gyoushi_reader/dict/unk_pos.dat.gz
Serving: /gyoushi_reader/dict/unk_map.dat.gz
Serving: /gyoushi_reader/dict/unk_char.dat.gz
Serving: /gyoushi_reader/dict/unk_compat.dat.gz
Serving: /gyoushi_reader/dict/unk_invoke.dat.gz
Serving: /gyoushi_reader/dict/base.dat.gz
Serving: /gyoushi_reader/dict/check.dat.gz
Serving: /gyoushi_reader/dict/tid.dat.gz
Serving: /gyoushi_reader/dict/tid_pos.dat.gz
Serving: /gyoushi_reader/dict/tid_map.dat.gz
Serving: /gyoushi_reader/dict/cc.dat.gz
Serving: /gyoushi_reader/dict/unk.dat.gz
Serving: /gyoushi_reader/dict/unk_pos.dat.gz
Serving: /gyoushi_reader/dict/unk_map.dat.gz
Serving: /gyoushi_reader/dict/unk_char.dat.gz
Serving: /gyoushi_reader/dict/unk_compat.dat.gz
Serving: /gyoushi_reader/dict/unk_invoke.dat.gz
Serving: /gyoushi_reader/dict/base.dat.gz
Serving: /gyoushi_reader/dict/check.dat.gz
Serving: /gyoushi_reader/dict/tid_pos.dat.gz
Serving: /gyoushi_reader/dict/tid.dat.gz
Serving: /gyoushi_reader/dict/tid_map.dat.gz
Serving: /gyoushi_reader/dict/cc.dat.gz
Serving: /gyoushi_reader/dict/unk.dat.gz
Serving: /gyoushi_reader/dict/unk_pos.dat.gz
Serving: /gyoushi_reader/dict/unk_map.dat.gz
Serving: /gyoushi_reader/dict/unk_char.dat.gz
Serving: /gyoushi_reader/dict/unk_compat.dat.gz
Serving: /gyoushi_reader/dict/unk_invoke.dat.gz
